\BOOKMARK [0][]{chapter.1}{Einleitung}{}% 1
\BOOKMARK [1][-]{section.1.1}{Motivation}{chapter.1}% 2
\BOOKMARK [1][-]{section.1.2}{Problemstellung}{chapter.1}% 3
\BOOKMARK [1][-]{section.1.3}{Regeln und Ziel des Spiels}{chapter.1}% 4
\BOOKMARK [0][]{chapter.2}{Graphische Ausgabe}{}% 5
\BOOKMARK [1][-]{section.2.1}{Rendering Architektur}{chapter.2}% 6
\BOOKMARK [1][-]{section.2.2}{3D-Modelle der Renderables}{chapter.2}% 7
\BOOKMARK [2][-]{subsection.2.2.1}{Spielfeld}{section.2.2}% 8
\BOOKMARK [2][-]{subsection.2.2.2}{Schl\344ger}{section.2.2}% 9
\BOOKMARK [2][-]{subsection.2.2.3}{Ball}{section.2.2}% 10
\BOOKMARK [1][-]{section.2.3}{Kamerabewegung}{chapter.2}% 11
\BOOKMARK [1][-]{section.2.4}{Partikelsystem}{chapter.2}% 12
\BOOKMARK [2][-]{subsection.2.4.1}{Komponenenten des Partikelsystems}{section.2.4}% 13
\BOOKMARK [2][-]{subsection.2.4.2}{Instanced Rendering}{section.2.4}% 14
\BOOKMARK [2][-]{subsection.2.4.3}{Blending und Tiefentest}{section.2.4}% 15
\BOOKMARK [0][]{chapter.3}{Steuerung}{}% 16
\BOOKMARK [0][]{chapter.4}{Physik}{}% 17
\BOOKMARK [1][-]{section.4.1}{Bewegungen}{chapter.4}% 18
\BOOKMARK [1][-]{section.4.2}{Reflexion}{chapter.4}% 19
\BOOKMARK [0][]{chapter.5}{Ergebnisse und Diskussion}{}% 20
\BOOKMARK [1][-]{section.5.1}{Graphische Ausgabe}{chapter.5}% 21
\BOOKMARK [1][-]{section.5.2}{Steuerung}{chapter.5}% 22
\BOOKMARK [1][-]{section.5.3}{Physik}{chapter.5}% 23
\BOOKMARK [0][]{appendix.A}{Klassendiagramm}{}% 24
\BOOKMARK [0][]{chapter*.13}{Abbildungsverzeichnis}{}% 25
\BOOKMARK [0][]{chapter*.14}{Algorithmenverzeichnis}{}% 26
\BOOKMARK [0][]{chapter*.14}{Literaturverzeichnis}{}% 27
